<?xml version="1.0" encoding="UTF-8" ?>
<testsuite tests="16" failures="0" name="org.dejava.component.ejb.test.component.GenericComponentDAOTest" time="38.942" errors="0" skipped="0">
  <properties>
    <property name="java.runtime.name" value="Java(TM) SE Runtime Environment"/>
    <property name="sun.boot.library.path" value="C:\Program Files\Java\jdk1.8.0\jre\bin"/>
    <property name="java.vm.version" value="25.0-b70"/>
    <property name="java.vm.vendor" value="Oracle Corporation"/>
    <property name="java.vendor.url" value="http://java.oracle.com/"/>
    <property name="path.separator" value=";"/>
    <property name="guice.disable.misplaced.annotation.check" value="true"/>
    <property name="java.vm.name" value="Java HotSpot(TM) 64-Bit Server VM"/>
    <property name="file.encoding.pkg" value="sun.io"/>
    <property name="user.script" value=""/>
    <property name="user.country" value="BR"/>
    <property name="sun.java.launcher" value="SUN_STANDARD"/>
    <property name="sun.os.patch.level" value="Service Pack 1"/>
    <property name="java.vm.specification.name" value="Java Virtual Machine Specification"/>
    <property name="user.dir" value="D:\usuarios\rvcoutinho\Desktop\dejava\components\ejb"/>
    <property name="java.runtime.version" value="1.8.0-b132"/>
    <property name="java.awt.graphicsenv" value="sun.awt.Win32GraphicsEnvironment"/>
    <property name="java.endorsed.dirs" value="C:\Program Files\Java\jdk1.8.0\jre\lib\endorsed"/>
    <property name="os.arch" value="amd64"/>
    <property name="java.io.tmpdir" value="C:\Users\RVCOUT~1\AppData\Local\Temp\"/>
    <property name="line.separator" value="
"/>
    <property name="java.vm.specification.vendor" value="Oracle Corporation"/>
    <property name="user.variant" value=""/>
    <property name="os.name" value="Windows 7"/>
    <property name="classworlds.conf" value="D:\usuarios\rvcoutinho\Desktop\dejava\components\.metadata\.plugins\org.eclipse.m2e.launching\launches\m2conf3074553143760783007.tmp"/>
    <property name="sun.jnu.encoding" value="Cp1252"/>
    <property name="java.library.path" value="C:\Program Files\Java\jdk1.8.0\bin;C:\windows\Sun\Java\bin;C:\windows\system32;C:\windows;C:/Program Files (x86)/Java/jre7/bin/client;C:/Program Files (x86)/Java/jre7/bin;C:/Program Files (x86)/Java/jre7/lib/i386;C:\Program Files\Common Files\Microsoft Shared\Windows Live;C:\Program Files (x86)\Common Files\Microsoft Shared\Windows Live;C:\windows\system32;C:\windows;C:\windows\System32\Wbem;C:\windows\System32\WindowsPowerShell\v1.0\;C:\Program Files\Broadcom\Broadcom 802.11 Network Adapter\Driver;C:\Program Files\WIDCOMM\Bluetooth Software\;C:\Program Files\WIDCOMM\Bluetooth Software\syswow64;C:\Program Files\TortoiseSVN\bin;C:\Program Files (x86)\Java\jdk1.7.0_51\bin;C:\Program Files (x86)\Apache Software Foundation\apache-maven-3.0.4\bin;C:\Program Files (x86)\Windows Live\Shared;C:\Program Files\TortoiseGit\bin;C:\Program Files (x86)\eclipse;;."/>
    <property name="java.specification.name" value="Java Platform API Specification"/>
    <property name="java.class.version" value="52.0"/>
    <property name="sun.management.compiler" value="HotSpot 64-Bit Tiered Compilers"/>
    <property name="os.version" value="6.1"/>
    <property name="user.home" value="C:\Users\rvcoutinho"/>
    <property name="user.timezone" value="America/Sao_Paulo"/>
    <property name="java.awt.printerjob" value="sun.awt.windows.WPrinterJob"/>
    <property name="java.specification.version" value="1.8"/>
    <property name="file.encoding" value="UTF-8"/>
    <property name="user.name" value="rvcoutinho"/>
    <property name="java.class.path" value="C:\Program Files (x86)\Apache Software Foundation\apache-maven-3.0.4\boot\plexus-classworlds-2.4.jar"/>
    <property name="java.vm.specification.version" value="1.8"/>
    <property name="sun.arch.data.model" value="64"/>
    <property name="java.home" value="C:\Program Files\Java\jdk1.8.0\jre"/>
    <property name="sun.java.command" value="org.codehaus.plexus.classworlds.launcher.Launcher -Parquillian-wildfly-managed -B --threads 4 deploy"/>
    <property name="java.specification.vendor" value="Oracle Corporation"/>
    <property name="user.language" value="pt"/>
    <property name="awt.toolkit" value="sun.awt.windows.WToolkit"/>
    <property name="java.vm.info" value="mixed mode"/>
    <property name="java.version" value="1.8.0"/>
    <property name="java.ext.dirs" value="C:\Program Files\Java\jdk1.8.0\jre\lib\ext;C:\windows\Sun\Java\lib\ext"/>
    <property name="sun.boot.class.path" value="C:\Program Files\Java\jdk1.8.0\jre\lib\resources.jar;C:\Program Files\Java\jdk1.8.0\jre\lib\rt.jar;C:\Program Files\Java\jdk1.8.0\jre\lib\sunrsasign.jar;C:\Program Files\Java\jdk1.8.0\jre\lib\jsse.jar;C:\Program Files\Java\jdk1.8.0\jre\lib\jce.jar;C:\Program Files\Java\jdk1.8.0\jre\lib\charsets.jar;C:\Program Files\Java\jdk1.8.0\jre\lib\jfr.jar;C:\Program Files\Java\jdk1.8.0\jre\classes"/>
    <property name="java.vendor" value="Oracle Corporation"/>
    <property name="maven.home" value="C:\Program Files (x86)\Apache Software Foundation\apache-maven-3.0.4"/>
    <property name="file.separator" value="\"/>
    <property name="java.vendor.url.bug" value="http://bugreport.sun.com/bugreport/"/>
    <property name="maven.bootclasspath" value="C:\Program Files (x86)\Apache Software Foundation\apache-maven-3.0.4\boot\plexus-classworlds-2.4.jar"/>
    <property name="sun.cpu.endian" value="little"/>
    <property name="sun.io.unicode.encoding" value="UnicodeLittle"/>
    <property name="sun.desktop" value="windows"/>
    <property name="sun.cpu.isalist" value="amd64"/>
  </properties>
  <testcase classname="org.dejava.component.ejb.test.component.GenericComponentDAOTest" name="testGetEntityByAttributeDuplicateAttribute" time="2.168"/>
  <testcase classname="org.dejava.component.ejb.test.component.GenericComponentDAOTest" name="testRemoveCollectionNullEntity" time="0.108"/>
  <testcase classname="org.dejava.component.ejb.test.component.GenericComponentDAOTest" name="testGetByIdNullId" time="0.175"/>
  <testcase classname="org.dejava.component.ejb.test.component.GenericComponentDAOTest" name="testGetByIdSuccess" time="0.136"/>
  <testcase classname="org.dejava.component.ejb.test.component.GenericComponentDAOTest" name="testAddOrUpdateCollectionSuccess" time="0.24"/>
  <testcase classname="org.dejava.component.ejb.test.component.GenericComponentDAOTest" name="testRemoveCollectionSuccess" time="0.2"/>
  <testcase classname="org.dejava.component.ejb.test.component.GenericComponentDAOTest" name="testAddOrUpdateNullEntity" time="0.101"/>
  <testcase classname="org.dejava.component.ejb.test.component.GenericComponentDAOTest" name="testGetEntityByAttributeNullAttributeName" time="0.121"/>
  <testcase classname="org.dejava.component.ejb.test.component.GenericComponentDAOTest" name="testAddOrUpdateCollectionNullEntity" time="0.051"/>
  <testcase classname="org.dejava.component.ejb.test.component.GenericComponentDAOTest" name="testGetAllSuccess" time="0.246"/>
  <testcase classname="org.dejava.component.ejb.test.component.GenericComponentDAOTest" name="testRemoveSuccess" time="0.063"/>
  <testcase classname="org.dejava.component.ejb.test.component.GenericComponentDAOTest" name="testGetEntityByAttributeSuccess" time="0.072"/>
  <testcase classname="org.dejava.component.ejb.test.component.GenericComponentDAOTest" name="testRemoveNullEntity" time="0.102"/>
  <testcase classname="org.dejava.component.ejb.test.component.GenericComponentDAOTest" name="testGetCollectionByAttributeNullAttributeName" time="0.092"/>
  <testcase classname="org.dejava.component.ejb.test.component.GenericComponentDAOTest" name="testAddOrUpdateSuccess" time="0.145"/>
  <testcase classname="org.dejava.component.ejb.test.component.GenericComponentDAOTest" name="testGetCollectionByAttributeSuccess" time="0.363"/>
</testsuite>