<?xml version="1.0" encoding="UTF-8" ?>
<testsuite failures="0" time="8.865" errors="1" skipped="0" tests="1" name="org.dejava.component.faces.test.converter.InvRegexConvTest">
  <properties>
    <property name="java.runtime.name" value="Java(TM) SE Runtime Environment"/>
    <property name="sun.boot.library.path" value="C:\Program Files (x86)\Java\jdk1.7.0_25\jre\bin"/>
    <property name="java.vm.version" value="23.25-b01"/>
    <property name="java.vm.vendor" value="Oracle Corporation"/>
    <property name="java.vendor.url" value="http://java.oracle.com/"/>
    <property name="path.separator" value=";"/>
    <property name="guice.disable.misplaced.annotation.check" value="true"/>
    <property name="java.vm.name" value="Java HotSpot(TM) Client VM"/>
    <property name="file.encoding.pkg" value="sun.io"/>
    <property name="user.script" value=""/>
    <property name="user.country" value="BR"/>
    <property name="sun.java.launcher" value="SUN_STANDARD"/>
    <property name="sun.os.patch.level" value="Service Pack 1"/>
    <property name="java.vm.specification.name" value="Java Virtual Machine Specification"/>
    <property name="user.dir" value="D:\usuarios\rvcoutinho\Desktop\dejava\components\faces"/>
    <property name="java.runtime.version" value="1.7.0_25-b17"/>
    <property name="java.awt.graphicsenv" value="sun.awt.Win32GraphicsEnvironment"/>
    <property name="java.endorsed.dirs" value="C:\Program Files (x86)\Java\jdk1.7.0_25\jre\lib\endorsed"/>
    <property name="os.arch" value="x86"/>
    <property name="java.io.tmpdir" value="C:\Users\RVCOUT~1\AppData\Local\Temp\"/>
    <property name="line.separator" value="
"/>
    <property name="java.vm.specification.vendor" value="Oracle Corporation"/>
    <property name="user.variant" value=""/>
    <property name="os.name" value="Windows 7"/>
    <property name="classworlds.conf" value="D:\usuarios\rvcoutinho\Desktop\dejava\components\.metadata\.plugins\org.eclipse.m2e.launching\launches\m2conf1783448242607334562.tmp"/>
    <property name="sun.jnu.encoding" value="Cp1252"/>
    <property name="java.library.path" value="C:\Program Files (x86)\Java\jdk1.7.0_25\bin;C:\windows\Sun\Java\bin;C:\windows\system32;C:\windows;C:/Program Files (x86)/Java/jre7/bin/client;C:/Program Files (x86)/Java/jre7/bin;C:/Program Files (x86)/Java/jre7/lib/i386;C:\Program Files\Common Files\Microsoft Shared\Windows Live;C:\Program Files (x86)\Common Files\Microsoft Shared\Windows Live;C:\windows\system32;C:\windows;C:\windows\System32\Wbem;C:\windows\System32\WindowsPowerShell\v1.0\;C:\Program Files\Broadcom\Broadcom 802.11 Network Adapter\Driver;C:\Program Files\WIDCOMM\Bluetooth Software\;C:\Program Files\WIDCOMM\Bluetooth Software\syswow64;C:\Program Files\TortoiseSVN\bin;C:\Program Files (x86)\Java\jdk1.7.0_25\bin;C:\Program Files (x86)\Apache Software Foundation\apache-maven-3.0.4\bin;C:\Program Files\TortoiseGit\bin;C:\Program Files (x86)\Windows Live\Shared;C:\Program Files (x86)\eclipse;;."/>
    <property name="java.specification.name" value="Java Platform API Specification"/>
    <property name="java.class.version" value="51.0"/>
    <property name="sun.management.compiler" value="HotSpot Client Compiler"/>
    <property name="os.version" value="6.1"/>
    <property name="user.home" value="D:\usuarios\rvcoutinho"/>
    <property name="user.timezone" value="America/Sao_Paulo"/>
    <property name="java.awt.printerjob" value="sun.awt.windows.WPrinterJob"/>
    <property name="java.specification.version" value="1.7"/>
    <property name="file.encoding" value="UTF-8"/>
    <property name="user.name" value="rvcoutinho"/>
    <property name="java.class.path" value="C:\Program Files (x86)\Apache Software Foundation\apache-maven-3.0.4\boot\plexus-classworlds-2.4.jar"/>
    <property name="java.vm.specification.version" value="1.7"/>
    <property name="sun.arch.data.model" value="32"/>
    <property name="java.home" value="C:\Program Files (x86)\Java\jdk1.7.0_25\jre"/>
    <property name="sun.java.command" value="org.codehaus.plexus.classworlds.launcher.Launcher -Parquillian-wildfly-managed -B --threads 4 deploy"/>
    <property name="java.specification.vendor" value="Oracle Corporation"/>
    <property name="user.language" value="pt"/>
    <property name="awt.toolkit" value="sun.awt.windows.WToolkit"/>
    <property name="java.vm.info" value="mixed mode, sharing"/>
    <property name="java.version" value="1.7.0_25"/>
    <property name="java.ext.dirs" value="C:\Program Files (x86)\Java\jdk1.7.0_25\jre\lib\ext;C:\windows\Sun\Java\lib\ext"/>
    <property name="sun.boot.class.path" value="C:\Program Files (x86)\Java\jdk1.7.0_25\jre\lib\resources.jar;C:\Program Files (x86)\Java\jdk1.7.0_25\jre\lib\rt.jar;C:\Program Files (x86)\Java\jdk1.7.0_25\jre\lib\sunrsasign.jar;C:\Program Files (x86)\Java\jdk1.7.0_25\jre\lib\jsse.jar;C:\Program Files (x86)\Java\jdk1.7.0_25\jre\lib\jce.jar;C:\Program Files (x86)\Java\jdk1.7.0_25\jre\lib\charsets.jar;C:\Program Files (x86)\Java\jdk1.7.0_25\jre\lib\jfr.jar;C:\Program Files (x86)\Java\jdk1.7.0_25\jre\classes"/>
    <property name="java.vendor" value="Oracle Corporation"/>
    <property name="maven.home" value="C:\Program Files (x86)\Apache Software Foundation\apache-maven-3.0.4"/>
    <property name="file.separator" value="\"/>
    <property name="java.vendor.url.bug" value="http://bugreport.sun.com/bugreport/"/>
    <property name="maven.bootclasspath" value="C:\Program Files (x86)\Apache Software Foundation\apache-maven-3.0.4\boot\plexus-classworlds-2.4.jar"/>
    <property name="sun.cpu.endian" value="little"/>
    <property name="sun.io.unicode.encoding" value="UnicodeLittle"/>
    <property name="sun.desktop" value="windows"/>
    <property name="sun.cpu.isalist" value="pentium_pro+mmx pentium_pro pentium+mmx pentium i486 i386 i86"/>
  </properties>
  <testcase time="2.373" classname="org.dejava.component.faces.test.converter.InvRegexConvTest" name="testInvRegexConv">
    <error message="enriching request failed; caused by:
java.io.NotSerializableException: org.dejava.component.faces.test.converter.InvRegexConvTest" type="org.jboss.arquillian.warp.exception.ClientWarpExecutionException">org.jboss.arquillian.warp.exception.ClientWarpExecutionException: enriching request failed; caused by:
java.io.NotSerializableException: org.dejava.component.faces.test.converter.InvRegexConvTest
	at org.jboss.arquillian.warp.impl.client.execution.DefaultHttpRequestEnrichmentService.enrichRequest(DefaultHttpRequestEnrichmentService.java:133)
	at org.jboss.arquillian.warp.impl.client.execution.EnrichmentObserver.enrichRequest(EnrichmentObserver.java:85)
	at sun.reflect.NativeMethodAccessorImpl.invoke0(Native Method)
	at sun.reflect.NativeMethodAccessorImpl.invoke(NativeMethodAccessorImpl.java:57)
	at sun.reflect.DelegatingMethodAccessorImpl.invoke(DelegatingMethodAccessorImpl.java:43)
	at java.lang.reflect.Method.invoke(Method.java:606)
	at org.jboss.arquillian.core.impl.ObserverImpl.invoke(ObserverImpl.java:94)
	at org.jboss.arquillian.core.impl.EventContextImpl.invokeObservers(EventContextImpl.java:99)
	at org.jboss.arquillian.core.impl.EventContextImpl.proceed(EventContextImpl.java:81)
	at org.jboss.arquillian.core.impl.ManagerImpl.fire(ManagerImpl.java:135)
	at org.jboss.arquillian.core.impl.ManagerImpl.fire(ManagerImpl.java:115)
	at org.jboss.arquillian.core.impl.EventImpl.fire(EventImpl.java:67)
	at org.jboss.arquillian.warp.impl.client.execution.EnrichmentObserver.tryEnrichRequest(EnrichmentObserver.java:75)
	at sun.reflect.NativeMethodAccessorImpl.invoke0(Native Method)
	at sun.reflect.NativeMethodAccessorImpl.invoke(NativeMethodAccessorImpl.java:57)
	at sun.reflect.DelegatingMethodAccessorImpl.invoke(DelegatingMethodAccessorImpl.java:43)
	at java.lang.reflect.Method.invoke(Method.java:606)
	at org.jboss.arquillian.core.impl.ObserverImpl.invoke(ObserverImpl.java:94)
	at org.jboss.arquillian.core.impl.EventContextImpl.invokeObservers(EventContextImpl.java:99)
	at org.jboss.arquillian.core.impl.EventContextImpl.proceed(EventContextImpl.java:81)
	at org.jboss.arquillian.core.impl.ManagerImpl.fire(ManagerImpl.java:135)
	at org.jboss.arquillian.core.impl.ManagerImpl.fire(ManagerImpl.java:115)
	at org.jboss.arquillian.core.impl.EventImpl.fire(EventImpl.java:67)
	at org.jboss.arquillian.warp.impl.client.execution.DefaultHttpRequestEnrichmentFilter.filter(DefaultHttpRequestEnrichmentFilter.java:50)
	at org.jboss.arquillian.warp.impl.client.proxy.DefaultProxyService$2.performInContext(DefaultProxyService.java:99)
	at org.jboss.arquillian.warp.impl.client.proxy.DefaultProxyService$2.performInContext(DefaultProxyService.java:96)
	at org.jboss.arquillian.warp.impl.client.context.operation.Contextualizer$2.performInContext(Contextualizer.java:54)
	at org.jboss.arquillian.warp.impl.client.proxy.DefaultProxyService$3.filter(DefaultProxyService.java:108)
	at org.littleshoot.proxy.ProxyHttpRequestEncoder.encode(ProxyHttpRequestEncoder.java:75)
	at org.jboss.netty.handler.codec.oneone.OneToOneEncoder.doEncode(OneToOneEncoder.java:66)
	at org.jboss.netty.handler.codec.oneone.OneToOneEncoder.handleDownstream(OneToOneEncoder.java:59)
	at org.jboss.netty.channel.DefaultChannelPipeline.sendDownstream(DefaultChannelPipeline.java:591)
	at org.jboss.netty.channel.DefaultChannelPipeline$DefaultChannelHandlerContext.sendDownstream(DefaultChannelPipeline.java:784)
	at org.jboss.netty.channel.SimpleChannelHandler.writeRequested(SimpleChannelHandler.java:292)
	at org.jboss.netty.channel.SimpleChannelHandler.handleDownstream(SimpleChannelHandler.java:254)
	at org.jboss.netty.channel.DefaultChannelPipeline.sendDownstream(DefaultChannelPipeline.java:591)
	at org.jboss.netty.channel.DefaultChannelPipeline.sendDownstream(DefaultChannelPipeline.java:582)
	at org.jboss.netty.channel.Channels.write(Channels.java:704)
	at org.jboss.netty.channel.Channels.write(Channels.java:671)
	at org.jboss.netty.channel.AbstractChannel.write(AbstractChannel.java:248)
	at org.littleshoot.proxy.HttpRequestHandler$1OnConnect.onConnect(HttpRequestHandler.java:407)
	at org.littleshoot.proxy.HttpRequestHandler$1LocalChannelFutureListener.operationComplete(HttpRequestHandler.java:488)
	at org.jboss.netty.channel.DefaultChannelFuture.notifyListener(DefaultChannelFuture.java:427)
	at org.jboss.netty.channel.DefaultChannelFuture.notifyListeners(DefaultChannelFuture.java:418)
	at org.jboss.netty.channel.DefaultChannelFuture.setSuccess(DefaultChannelFuture.java:362)
	at org.jboss.netty.channel.socket.nio.NioWorker$RegisterTask.run(NioWorker.java:156)
	at org.jboss.netty.channel.socket.nio.AbstractNioSelector.processTaskQueue(AbstractNioSelector.java:366)
	at org.jboss.netty.channel.socket.nio.AbstractNioSelector.run(AbstractNioSelector.java:290)
	at org.jboss.netty.channel.socket.nio.AbstractNioWorker.run(AbstractNioWorker.java:88)
	at org.jboss.netty.channel.socket.nio.NioWorker.run(NioWorker.java:178)
	at org.jboss.netty.util.ThreadRenamingRunnable.run(ThreadRenamingRunnable.java:108)
	at org.jboss.netty.util.internal.DeadLockProofWorker$1.run(DeadLockProofWorker.java:42)
	at java.util.concurrent.ThreadPoolExecutor.runWorker(ThreadPoolExecutor.java:1145)
	at java.util.concurrent.ThreadPoolExecutor$Worker.run(ThreadPoolExecutor.java:615)
	at java.lang.Thread.run(Thread.java:724)
Caused by: java.lang.RuntimeException: Could not transform and replicate class class java.util.Arrays$ArrayList:
Cannot migrate transformed inspection back to original name
	at org.jboss.arquillian.warp.impl.shared.RequestPayload.writeExternal(RequestPayload.java:113)
	at java.io.ObjectOutputStream.writeExternalData(ObjectOutputStream.java:1456)
	at java.io.ObjectOutputStream.writeOrdinaryObject(ObjectOutputStream.java:1427)
	at java.io.ObjectOutputStream.writeObject0(ObjectOutputStream.java:1175)
	at java.io.ObjectOutputStream.writeObject(ObjectOutputStream.java:347)
	at org.jboss.arquillian.warp.impl.utils.SerializationUtils.serializeToBytes(SerializationUtils.java:38)
	at org.jboss.arquillian.warp.impl.utils.SerializationUtils.serializeToBase64(SerializationUtils.java:59)
	at org.jboss.arquillian.warp.impl.client.execution.DefaultHttpRequestEnrichmentService.enrichRequest(DefaultHttpRequestEnrichmentService.java:125)
	... 54 more
Caused by: java.lang.IllegalStateException: Cannot migrate transformed inspection back to original name
	at org.jboss.arquillian.warp.impl.client.transformation.MigratedInspection.migrate(MigratedInspection.java:77)
	at org.jboss.arquillian.warp.impl.client.transformation.MigratedInspection.&lt;init&gt;(MigratedInspection.java:55)
	at org.jboss.arquillian.warp.impl.shared.RequestPayload.writeExternal(RequestPayload.java:108)
	... 61 more
Caused by: java.lang.IllegalStateException: Unable to invoke static method serializeToBytes from class org.jboss.arquillian.warp.impl.utils.SerializationUtils
	at org.jboss.arquillian.warp.impl.client.separation.SeparateInvocator.invokeStatic(SeparateInvocator.java:82)
	at org.jboss.arquillian.warp.impl.client.separation.SeparateInvocator.access$700(SeparateInvocator.java:37)
	at org.jboss.arquillian.warp.impl.client.separation.SeparateInvocator$1.invoke(SeparateInvocator.java:195)
	at org.jboss.arquillian.warp.impl.client.separation.SeparateInvocator$1.invoke(SeparateInvocator.java:190)
	at org.jboss.arquillian.warp.impl.client.separation.SeparateInvocator$InvokeSeparately.run(SeparateInvocator.java:221)
	at org.jboss.arquillian.warp.impl.client.separation.SeparateInvocator.adapt(SeparateInvocator.java:190)
	at org.jboss.arquillian.warp.impl.client.separation.SeparateInvocator.adaptArgs(SeparateInvocator.java:169)
	at org.jboss.arquillian.warp.impl.client.separation.SeparateInvocator.access$200(SeparateInvocator.java:37)
	at org.jboss.arquillian.warp.impl.client.separation.SeparateInvocator$SeparationHandler.invoke(SeparateInvocator.java:95)
	at com.sun.proxy.$Proxy35.process(Unknown Source)
	at org.jboss.arquillian.warp.impl.client.transformation.MigratedInspection.migrate(MigratedInspection.java:74)
	... 63 more
Caused by: java.lang.reflect.InvocationTargetException
	at sun.reflect.NativeMethodAccessorImpl.invoke0(Native Method)
	at sun.reflect.NativeMethodAccessorImpl.invoke(NativeMethodAccessorImpl.java:57)
	at sun.reflect.DelegatingMethodAccessorImpl.invoke(DelegatingMethodAccessorImpl.java:43)
	at java.lang.reflect.Method.invoke(Method.java:606)
	at org.jboss.arquillian.warp.impl.client.separation.SeparateInvocator.invokeStatic(SeparateInvocator.java:80)
	... 73 more
Caused by: java.lang.IllegalStateException: java.io.NotSerializableException: org.dejava.component.faces.test.converter.InvRegexConvTest
	at org.jboss.arquillian.warp.impl.utils.SerializationUtils.serializeToBytes(SerializationUtils.java:41)
	... 78 more
Caused by: java.io.NotSerializableException: org.dejava.component.faces.test.converter.InvRegexConvTest
	at java.io.ObjectOutputStream.writeObject0(ObjectOutputStream.java:1181)
	at java.io.ObjectOutputStream.defaultWriteFields(ObjectOutputStream.java:1541)
	at java.io.ObjectOutputStream.writeSerialData(ObjectOutputStream.java:1506)
	at java.io.ObjectOutputStream.writeOrdinaryObject(ObjectOutputStream.java:1429)
	at java.io.ObjectOutputStream.writeObject0(ObjectOutputStream.java:1175)
	at java.io.ObjectOutputStream.writeObject(ObjectOutputStream.java:347)
	at java.util.HashMap.writeObject(HashMap.java:1100)
	at sun.reflect.NativeMethodAccessorImpl.invoke0(Native Method)
	at sun.reflect.NativeMethodAccessorImpl.invoke(NativeMethodAccessorImpl.java:57)
	at sun.reflect.DelegatingMethodAccessorImpl.invoke(DelegatingMethodAccessorImpl.java:43)
	at java.lang.reflect.Method.invoke(Method.java:606)
	at java.io.ObjectStreamClass.invokeWriteObject(ObjectStreamClass.java:988)
	at java.io.ObjectOutputStream.writeSerialData(ObjectOutputStream.java:1493)
	at java.io.ObjectOutputStream.writeOrdinaryObject(ObjectOutputStream.java:1429)
	at java.io.ObjectOutputStream.writeObject0(ObjectOutputStream.java:1175)
	at java.io.ObjectOutputStream.defaultWriteFields(ObjectOutputStream.java:1541)
	at java.io.ObjectOutputStream.writeSerialData(ObjectOutputStream.java:1506)
	at java.io.ObjectOutputStream.writeOrdinaryObject(ObjectOutputStream.java:1429)
	at java.io.ObjectOutputStream.writeObject0(ObjectOutputStream.java:1175)
	at java.io.ObjectOutputStream.writeObject(ObjectOutputStream.java:347)
	at org.jboss.arquillian.warp.impl.utils.SerializationUtils.serializeToBytes(SerializationUtils.java:38)
	... 78 more
</error>
    <system-out>23:56:25,831 INFO  [org.wildfly.extension.undertow] (MSC service thread 1-7) JBAS018224: Unregister web context: /test
23:56:25,833 SEVERE [javax.faces] (MSC service thread 1-7) Unable to obtain InjectionProvider from init time FacesContext. Does this container implement the Mojarra Injection SPI?
23:56:25,833 SEVERE [javax.faces] (MSC service thread 1-7) Unable to call @PreDestroy annotated methods because no InjectionProvider can be found. Does this container implement the Mojarra Injection SPI?
23:56:25,834 SEVERE [javax.faces] (MSC service thread 1-7) Unable to obtain InjectionProvider from init time FacesContext. Does this container implement the Mojarra Injection SPI?
23:56:25,834 SEVERE [javax.faces] (MSC service thread 1-7) Unable to call @PreDestroy annotated methods because no InjectionProvider can be found. Does this container implement the Mojarra Injection SPI?
23:56:25,834 SEVERE [javax.faces] (MSC service thread 1-7) Unable to obtain InjectionProvider from init time FacesContext. Does this container implement the Mojarra Injection SPI?
23:56:25,834 SEVERE [javax.faces] (MSC service thread 1-7) Unable to call @PreDestroy annotated methods because no InjectionProvider can be found. Does this container implement the Mojarra Injection SPI?
23:56:25,838 INFO  [org.jboss.as.jpa] (ServerService Thread Pool -- 27) JBAS011410: Stopping Persistence Unit (phase 2 of 2) Service &apos;test.war#TestDS&apos;
23:56:25,839 INFO  [org.hibernate.tool.hbm2ddl.SchemaExport] (ServerService Thread Pool -- 27) HHH000227: Running hbm2ddl schema export
23:56:25,849 INFO  [org.hibernate.tool.hbm2ddl.SchemaExport] (ServerService Thread Pool -- 27) HHH000230: Schema export complete
23:56:25,851 INFO  [org.jboss.weld.deployer] (MSC service thread 1-4) JBAS016009: Stopping weld service for deployment test.war
23:56:25,862 INFO  [org.jboss.as.jpa] (ServerService Thread Pool -- 27) JBAS011410: Stopping Persistence Unit (phase 1 of 2) Service &apos;test.war#TestDS&apos;
23:56:25,866 INFO  [org.jboss.as.connector.subsystems.datasources] (MSC service thread 1-3) JBAS010409: Unbound data source [java:/datasource/TestDS]
23:56:25,962 INFO  [org.jboss.as.server.deployment] (MSC service thread 1-7) JBAS015877: Stopped deployment test.war (runtime-name: test.war) in 139ms
23:56:25,986 INFO  [org.jboss.as.repository] (management-handler-thread - 4) JBAS014901: Content removed from location C:\servidores\wildfly-8.0.0.Alpha4\standalone\data\content\e0\2c226874c511c6ef262853a5941dc225e0ad23\content
23:56:25,986 INFO  [org.jboss.as.server] (management-handler-thread - 4) JBAS018558: Undeployed &quot;test.war&quot; (runtime-name: &quot;test.war&quot;)
23:56:29,523 INFO  [org.jboss.as.repository] (management-handler-thread - 1) JBAS014900: Content added at location C:\servidores\wildfly-8.0.0.Alpha4\standalone\data\content\ae\b0ec295223041dda6c13912b459d4bb649885e\content
23:56:29,526 INFO  [org.jboss.as.server.deployment] (MSC service thread 1-8) JBAS015876: Starting deployment of &quot;d2dd8a8e-1a54-4b0b-a390-6a610f43d647.war&quot; (runtime-name: &quot;d2dd8a8e-1a54-4b0b-a390-6a610f43d647.war&quot;)
23:56:31,529 INFO  [org.jboss.as.pojo] (MSC service thread 1-8) JBAS017000: Found legacy bean/pojo namespace: urn:jboss:bean-deployer:2.0 - might be missing some xml features (potential exceptions).
23:56:31,610 INFO  [org.jboss.weld.deployer] (MSC service thread 1-8) JBAS016002: Processing weld deployment d2dd8a8e-1a54-4b0b-a390-6a610f43d647.war
23:56:31,614 INFO  [org.hibernate.validator.internal.xml.ValidationXmlParser] (MSC service thread 1-8) HV000007: META-INF/validation.xml found. Parsing XML based configuration.
23:56:31,626 INFO  [org.hibernate.validator.internal.xml.ValidationBootstrapParameters] (MSC service thread 1-8) HV000004: Using org.dejava.component.validation.object.MessageInterpolatorImpl as message interpolator.
23:56:31,642 INFO  [org.jboss.weld.deployer] (MSC service thread 1-8) JBAS016005: Starting Services for CDI deployment: d2dd8a8e-1a54-4b0b-a390-6a610f43d647.war
23:56:31,647 INFO  [org.jboss.weld.deployer] (MSC service thread 1-2) JBAS016008: Starting weld service for deployment d2dd8a8e-1a54-4b0b-a390-6a610f43d647.war
23:56:31,682 INFO  [org.jboss.weld.ClassLoading] (weld-worker-2) WELD-000119 Not generating any bean definitions from org.dejava.component.faces.test.converter.InvRegexConvTest$FillFormAndSubmit because of underlying class loading error: Type org.dejava.component.faces.test.converter.InvRegexConvTest not found.  If this is unexpected, enable DEBUG logging to see the full error.
23:56:31,682 INFO  [org.jboss.weld.ClassLoading] (weld-worker-3) WELD-000119 Not generating any bean definitions from org.dejava.component.faces.test.converter.InvRegexConvTest$FieldInpection because of underlying class loading error: Type org.dejava.component.faces.test.converter.InvRegexConvTest not found.  If this is unexpected, enable DEBUG logging to see the full error.
23:56:31,683 INFO  [org.jboss.weld.ClassLoading] (weld-worker-4) WELD-000119 Not generating any bean definitions from org.dejava.component.faces.test.converter.InvRegexConvTest$FieldValue because of underlying class loading error: Type org.dejava.component.faces.test.converter.InvRegexConvTest not found.  If this is unexpected, enable DEBUG logging to see the full error.
23:56:31,778 INFO  [javax.enterprise.resource.webcontainer.jsf.config] (MSC service thread 1-4) Inicializando Mojarra 2.2.3 ( 20130905-1955 https://svn.java.net/svn/mojarra~svn/tags/2.2.3@12484) para o contexto &apos;/d2dd8a8e-1a54-4b0b-a390-6a610f43d647&apos;
23:56:31,962 WARN  [org.jboss.weld.Bean] (MSC service thread 1-4) WELD-001529 An InjectionTarget is created for a class org.jboss.arquillian.warp.jsf.FacesContextFactoryWrapper which does not have any appropriate constructor.
23:56:32,224 INFO  [org.wildfly.extension.undertow] (MSC service thread 1-4) JBAS018210: Register web context: /d2dd8a8e-1a54-4b0b-a390-6a610f43d647
23:56:32,245 INFO  [org.jboss.as.server] (management-handler-thread - 1) JBAS018559: Deployed &quot;d2dd8a8e-1a54-4b0b-a390-6a610f43d647.war&quot; (runtime-name : &quot;d2dd8a8e-1a54-4b0b-a390-6a610f43d647.war&quot;)
23:56:34,575 INFO  [org.hibernate.validator.internal.xml.ValidationXmlParser] (default task-3) HV000007: META-INF/validation.xml found. Parsing XML based configuration.
23:56:34,587 INFO  [org.hibernate.validator.internal.xml.ValidationBootstrapParameters] (default task-3) HV000004: Using org.dejava.component.validation.object.MessageInterpolatorImpl as message interpolator.
</system-out>
    <system-err>Fev 04, 2014 11:56:26 PM org.jboss.arquillian.drone.webdriver.factory.AbstractWebDriverFactory createConfiguration
INFO: Property &quot;browser&quot; was not specified, using default value of htmlUnit
</system-err>
  </testcase>
</testsuite>