<?xml version="1.0" encoding="UTF-8" ?>
<datasources xmlns="http://www.jboss.org/ironjacamar/schema"
	xmlns:xsi="http://www.w3.org/2001/XMLSchema-instance"
	xsi:schemaLocation="http://www.jboss.org/ironjacamar/schema
		http://docs.jboss.org/ironjacamar/schema/datasources_1_0.xsd">
	<datasource jndi-name="java:/datasource/TestDS" jta="true"
		enabled="true" use-java-context="true" use-ccm="true" pool-name="TestDS">
		<connection-url>jdbc:postgresql://localhost:5432/test</connection-url>
		<driver>org.postgresql</driver>
		<pool>
			<min-pool-size>10</min-pool-size>
			<max-pool-size>100</max-pool-size>
			<prefill>true</prefill>
		</pool>
		<security>
			<user-name>test</user-name>
			<password>R</password>
		</security>
	</datasource>
</datasources>
