<?xml version="1.0" encoding="UTF-8" ?>
<datasources xmlns="http://www.jboss.org/ironjacamar/schema"
	xmlns:xsi="http://www.w3.org/2001/XMLSchema-instance"
	xsi:schemaPlace="http://www.jboss.org/ironjacamar/schema
		http://docs.jboss.org/ironjacamar/schema/datasources_1_0.xsd">
	<xa-datasource jndi-name="java:/datasource/TestDS"
		enabled="true" use-java-context="true" use-ccm="true" pool-name="TestDS">
		<xa-datasource-property name="ServerName">localhost
		</xa-datasource-property>
		<xa-datasource-property name="PortNumber">5432
		</xa-datasource-property>
		<xa-datasource-property name="DatabaseName">test
		</xa-datasource-property>
		<driver>org.postgresql</driver>
		<xa-pool>
			<min-pool-size>10</min-pool-size>
			<max-pool-size>100</max-pool-size>
			<prefill>true</prefill>
		</xa-pool>
		<security>
			<user-name>test</user-name>
			<password>Dej4v4_test</password>
		</security>
	</xa-datasource>
</datasources>
