<?xml version="1.0" encoding="UTF-8" ?>
<testsuite failures="0" time="0.082" errors="1" skipped="0" tests="2" name="org.dejava.component.i18n.test.message.DefaultI18nMessageHandlerTest">
  <properties>
    <property name="java.runtime.name" value="Java(TM) SE Runtime Environment"/>
    <property name="sun.boot.library.path" value="C:\Program Files (x86)\Java\jdk1.7.0_07\jre\bin"/>
    <property name="java.vm.version" value="23.3-b01"/>
    <property name="java.vm.vendor" value="Oracle Corporation"/>
    <property name="java.vendor.url" value="http://java.oracle.com/"/>
    <property name="path.separator" value=";"/>
    <property name="guice.disable.misplaced.annotation.check" value="true"/>
    <property name="java.vm.name" value="Java HotSpot(TM) Client VM"/>
    <property name="file.encoding.pkg" value="sun.io"/>
    <property name="user.script" value=""/>
    <property name="user.country" value="BR"/>
    <property name="sun.java.launcher" value="SUN_STANDARD"/>
    <property name="sun.os.patch.level" value="Service Pack 1"/>
    <property name="java.vm.specification.name" value="Java Virtual Machine Specification"/>
    <property name="user.dir" value="D:\usuarios\rvcoutinho\Desktop\dejava\components\I18n"/>
    <property name="java.runtime.version" value="1.7.0_07-b10"/>
    <property name="java.awt.graphicsenv" value="sun.awt.Win32GraphicsEnvironment"/>
    <property name="java.endorsed.dirs" value="C:\Program Files (x86)\Java\jdk1.7.0_07\jre\lib\endorsed"/>
    <property name="os.arch" value="x86"/>
    <property name="java.io.tmpdir" value="C:\Users\RVCOUT~1\AppData\Local\Temp\"/>
    <property name="line.separator" value="
"/>
    <property name="java.vm.specification.vendor" value="Oracle Corporation"/>
    <property name="user.variant" value=""/>
    <property name="os.name" value="Windows 7"/>
    <property name="classworlds.conf" value="D:\usuarios\rvcoutinho\Desktop\dejava\components\.metadata\.plugins\org.eclipse.m2e.core\launches\m2conf4923288887671008374.tmp"/>
    <property name="sun.jnu.encoding" value="Cp1252"/>
    <property name="java.library.path" value="C:\Program Files (x86)\Java\jdk1.7.0_07\bin;C:\windows\Sun\Java\bin;C:\windows\system32;C:\windows;C:/Program Files (x86)/Java/jre7/bin/client;C:/Program Files (x86)/Java/jre7/bin;C:/Program Files (x86)/Java/jre7/lib/i386;C:\windows\system32;C:\windows;C:\windows\System32\Wbem;C:\windows\System32\WindowsPowerShell\v1.0\;C:\Program Files\Broadcom\Broadcom 802.11 Network Adapter\Driver;C:\Program Files\WIDCOMM\Bluetooth Software\;C:\Program Files\WIDCOMM\Bluetooth Software\syswow64;C:\Program Files\TortoiseSVN\bin;C:\Program Files\TortoiseGit\bin;C:\Program Files (x86)\Java\jdk1.7.0_07\bin;C:\Program Files (x86)\Apache Software Foundation\apache-maven-3.0.4\bin;C:\Program Files (x86)\eclipse;;."/>
    <property name="java.specification.name" value="Java Platform API Specification"/>
    <property name="java.class.version" value="51.0"/>
    <property name="sun.management.compiler" value="HotSpot Client Compiler"/>
    <property name="os.version" value="6.1"/>
    <property name="user.home" value="D:\usuarios\rvcoutinho"/>
    <property name="user.timezone" value="America/Sao_Paulo"/>
    <property name="java.awt.printerjob" value="sun.awt.windows.WPrinterJob"/>
    <property name="java.specification.version" value="1.7"/>
    <property name="file.encoding" value="Cp1252"/>
    <property name="user.name" value="rvcoutinho"/>
    <property name="java.class.path" value="C:\Program Files (x86)\Apache Software Foundation\apache-maven-3.0.4\boot\plexus-classworlds-2.4.jar"/>
    <property name="java.vm.specification.version" value="1.7"/>
    <property name="sun.arch.data.model" value="32"/>
    <property name="java.home" value="C:\Program Files (x86)\Java\jdk1.7.0_07\jre"/>
    <property name="sun.java.command" value="org.codehaus.plexus.classworlds.launcher.Launcher -B install"/>
    <property name="java.specification.vendor" value="Oracle Corporation"/>
    <property name="user.language" value="pt"/>
    <property name="awt.toolkit" value="sun.awt.windows.WToolkit"/>
    <property name="java.vm.info" value="mixed mode, sharing"/>
    <property name="java.version" value="1.7.0_07"/>
    <property name="java.ext.dirs" value="C:\Program Files (x86)\Java\jdk1.7.0_07\jre\lib\ext;C:\windows\Sun\Java\lib\ext"/>
    <property name="sun.boot.class.path" value="C:\Program Files (x86)\Java\jdk1.7.0_07\jre\lib\resources.jar;C:\Program Files (x86)\Java\jdk1.7.0_07\jre\lib\rt.jar;C:\Program Files (x86)\Java\jdk1.7.0_07\jre\lib\sunrsasign.jar;C:\Program Files (x86)\Java\jdk1.7.0_07\jre\lib\jsse.jar;C:\Program Files (x86)\Java\jdk1.7.0_07\jre\lib\jce.jar;C:\Program Files (x86)\Java\jdk1.7.0_07\jre\lib\charsets.jar;C:\Program Files (x86)\Java\jdk1.7.0_07\jre\lib\jfr.jar;C:\Program Files (x86)\Java\jdk1.7.0_07\jre\classes"/>
    <property name="java.vendor" value="Oracle Corporation"/>
    <property name="maven.home" value="C:\Program Files (x86)\Apache Software Foundation\apache-maven-3.0.4"/>
    <property name="file.separator" value="\"/>
    <property name="java.vendor.url.bug" value="http://bugreport.sun.com/bugreport/"/>
    <property name="sun.cpu.endian" value="little"/>
    <property name="sun.io.unicode.encoding" value="UnicodeLittle"/>
    <property name="sun.desktop" value="windows"/>
    <property name="sun.cpu.isalist" value="pentium_pro+mmx pentium_pro pentium+mmx pentium i486 i386 i86"/>
  </properties>
  <testcase time="0.009" classname="org.dejava.component.i18n.test.message.DefaultI18nMessageHandlerTest" name="testGetMessageByStringTypeAndKeyNullKey"/>
  <testcase time="0.015" classname="org.dejava.component.i18n.test.message.DefaultI18nMessageHandlerTest" name="org.dejava.component.i18n.test.message.DefaultI18nMessageHandlerTest">
    <error message="Unresolved compilation problems: 
	No exception of type MessageNotFoundException can be thrown; an exception type must be a subclass of Throwable
	The method getMessage(String, Object[]) from the type MessageHandler refers to the missing type InvalidParameterException
" type="java.lang.Error">java.lang.Error: Unresolved compilation problems: 
	No exception of type MessageNotFoundException can be thrown; an exception type must be a subclass of Throwable
	The method getMessage(String, Object[]) from the type MessageHandler refers to the missing type InvalidParameterException

	at org.dejava.component.exception.localized.ExceptionMessageCommand.getMessage(ExceptionMessageCommand.java:36)
	at org.dejava.component.exception.localized.checked.AbstractLocalizedException.getLocalizedMessage(AbstractLocalizedException.java:73)
	at org.apache.maven.surefire.booter.ForkingRunListener.encode(ForkingRunListener.java:314)
	at org.apache.maven.surefire.booter.ForkingRunListener.toString(ForkingRunListener.java:252)
	at org.apache.maven.surefire.booter.ForkingRunListener.testError(ForkingRunListener.java:130)
	at org.apache.maven.surefire.common.junit4.JUnit4RunListener.testFailure(JUnit4RunListener.java:101)
	at org.junit.runner.notification.RunNotifier$4.notifyListener(RunNotifier.java:100)
	at org.junit.runner.notification.RunNotifier$SafeNotifier.run(RunNotifier.java:41)
	at org.junit.runner.notification.RunNotifier.fireTestFailure(RunNotifier.java:97)
	at org.dejava.component.test.runner.notifier.ParametricTestNotifier.addFailure(ParametricTestNotifier.java:84)
	at org.dejava.component.test.runner.notifier.ParametricTestNotifier.addFailures(ParametricTestNotifier.java:97)
	at org.dejava.component.test.runner.JUnitParametricRunner.runChild(JUnitParametricRunner.java:359)
	at org.junit.runners.BlockJUnit4ClassRunner.runChild(BlockJUnit4ClassRunner.java:47)
	at org.junit.runners.ParentRunner$3.run(ParentRunner.java:231)
	at org.junit.runners.ParentRunner$1.schedule(ParentRunner.java:60)
	at org.junit.runners.ParentRunner.runChildren(ParentRunner.java:229)
	at org.junit.runners.ParentRunner.access$000(ParentRunner.java:50)
	at org.junit.runners.ParentRunner$2.evaluate(ParentRunner.java:222)
	at org.junit.runners.ParentRunner.run(ParentRunner.java:300)
	at org.apache.maven.surefire.junit4.JUnit4TestSet.execute(JUnit4TestSet.java:53)
	at org.apache.maven.surefire.junit4.JUnit4Provider.executeTestSet(JUnit4Provider.java:123)
	at org.apache.maven.surefire.junit4.JUnit4Provider.invoke(JUnit4Provider.java:104)
	at sun.reflect.NativeMethodAccessorImpl.invoke0(Native Method)
	at sun.reflect.NativeMethodAccessorImpl.invoke(NativeMethodAccessorImpl.java:57)
	at sun.reflect.DelegatingMethodAccessorImpl.invoke(DelegatingMethodAccessorImpl.java:43)
	at java.lang.reflect.Method.invoke(Method.java:601)
	at org.apache.maven.surefire.util.ReflectionUtils.invokeMethodWithArray(ReflectionUtils.java:164)
	at org.apache.maven.surefire.booter.ProviderFactory$ProviderProxy.invoke(ProviderFactory.java:110)
	at org.apache.maven.surefire.booter.SurefireStarter.invokeProvider(SurefireStarter.java:175)
	at org.apache.maven.surefire.booter.SurefireStarter.runSuitesInProcessWhenForked(SurefireStarter.java:107)
	at org.apache.maven.surefire.booter.ForkedBooter.main(ForkedBooter.java:68)
</error>
  </testcase>
</testsuite>